Flow report for CASE_4
Fri Dec 24 21:03:32 2021
Quartus Prime Version 18.1.0 Build 625 09/12/2018 SJ Lite Edition


---------------------
; Table of Contents ;
---------------------
  1. Legal Notice
  2. Flow Summary
  3. Flow Settings
  4. Flow Non-Default Global Settings
  5. Flow Elapsed Time
  6. Flow OS Summary
  7. Flow Log
  8. Flow Messages
  9. Flow Suppressed Messages



----------------
; Legal Notice ;
----------------
Copyright (C) 2018  Intel Corporation. All rights reserved.
Your use of Intel Corporation's design tools, logic functions 
and other software and tools, and its AMPP partner logic 
functions, and any output files from any of the foregoing 
(including device programming or simulation files), and any 
associated documentation or information are expressly subject 
to the terms and conditions of the Intel Program License 
Subscription Agreement, the Intel Quartus Prime License Agreement,
the Intel FPGA IP License Agreement, or other applicable license
agreement, including, without limitation, that your use is for
the sole purpose of programming logic devices manufactured by
Intel and sold by Intel or its authorized distributors.  Please
refer to the applicable agreement for further details.



+----------------------------------------------------------------------------------+
; Flow Summary                                                                     ;
+------------------------------------+---------------------------------------------+
; Flow Status                        ; Successful - Fri Dec 24 21:03:32 2021       ;
; Quartus Prime Version              ; 18.1.0 Build 625 09/12/2018 SJ Lite Edition ;
; Revision Name                      ; CASE_4                                      ;
; Top-level Entity Name              ; CASE_4                                      ;
; Family                             ; MAX 10                                      ;
; Device                             ; 10M50DAF484C7G                              ;
; Timing Models                      ; Final                                       ;
; Total logic elements               ; 6,233 / 49,760 ( 13 % )                     ;
;     Total combinational functions  ; 5,495 / 49,760 ( 11 % )                     ;
;     Dedicated logic registers      ; 2,956 / 49,760 ( 6 % )                      ;
; Total registers                    ; 3025                                        ;
; Total pins                         ; 64 / 360 ( 18 % )                           ;
; Total virtual pins                 ; 0                                           ;
; Total memory bits                  ; 568,864 / 1,677,312 ( 34 % )                ;
; Embedded Multiplier 9-bit elements ; 32 / 288 ( 11 % )                           ;
; Total PLLs                         ; 2 / 4 ( 50 % )                              ;
; UFM blocks                         ; 0 / 1 ( 0 % )                               ;
; ADC blocks                         ; 0 / 2 ( 0 % )                               ;
+------------------------------------+---------------------------------------------+


+-----------------------------------------+
; Flow Settings                           ;
+-------------------+---------------------+
; Option            ; Setting             ;
+-------------------+---------------------+
; Start date & time ; 12/24/2021 20:59:38 ;
; Main task         ; Compilation         ;
; Revision Name     ; CASE_4              ;
+-------------------+---------------------+


+-------------------------------------------------------------------------------------------------------------------------------------------------------------------------------+
; Flow Non-Default Global Settings                                                                                                                                              ;
+-------------------------------------+----------------------------------------------------------------------------+---------------+---------------------------+----------------+
; Assignment Name                     ; Value                                                                      ; Default Value ; Entity Name               ; Section Id     ;
+-------------------------------------+----------------------------------------------------------------------------+---------------+---------------------------+----------------+
; COMPILER_SIGNATURE_ID               ; 154946498705828.164037597714692                                            ; --            ; --                        ; --             ;
; EDA_OUTPUT_DATA_FORMAT              ; Vhdl                                                                       ; --            ; --                        ; eda_simulation ;
; EDA_SIMULATION_TOOL                 ; ModelSim-Altera (VHDL)                                                     ; <None>        ; --                        ; --             ;
; EDA_TIME_SCALE                      ; 1 ps                                                                       ; --            ; --                        ; eda_simulation ;
; MAX_CORE_JUNCTION_TEMP              ; 85                                                                         ; --            ; --                        ; --             ;
; MIN_CORE_JUNCTION_TEMP              ; 0                                                                          ; --            ; --                        ; --             ;
; MISC_FILE                           ; embedded_computer_system/synthesis/../embedded_computer_system.cmp         ; --            ; --                        ; --             ;
; MISC_FILE                           ; embedded_computer_system/synthesis/../../embedded_computer_system.qsys     ; --            ; --                        ; --             ;
; PARTITION_COLOR                     ; -- (Not supported for targeted family)                                     ; --            ; --                        ; Top            ;
; PARTITION_COLOR                     ; -- (Not supported for targeted family)                                     ; --            ; DE10_LITE_SDRAM_Nios_Test ; Top            ;
; PARTITION_FITTER_PRESERVATION_LEVEL ; -- (Not supported for targeted family)                                     ; --            ; --                        ; Top            ;
; PARTITION_FITTER_PRESERVATION_LEVEL ; -- (Not supported for targeted family)                                     ; --            ; DE10_LITE_SDRAM_Nios_Test ; Top            ;
; PARTITION_NETLIST_TYPE              ; -- (Not supported for targeted family)                                     ; --            ; --                        ; Top            ;
; PARTITION_NETLIST_TYPE              ; -- (Not supported for targeted family)                                     ; --            ; DE10_LITE_SDRAM_Nios_Test ; Top            ;
; POWER_BOARD_THERMAL_MODEL           ; None (CONSERVATIVE)                                                        ; --            ; --                        ; --             ;
; POWER_PRESET_COOLING_SOLUTION       ; 23 MM HEAT SINK WITH 200 LFPM AIRFLOW                                      ; --            ; --                        ; --             ;
; PROJECT_OUTPUT_DIRECTORY            ; output_files                                                               ; --            ; --                        ; --             ;
; SLD_FILE                            ; embedded_computer_system/synthesis/embedded_computer_system.regmap         ; --            ; --                        ; --             ;
; SLD_FILE                            ; embedded_computer_system/synthesis/embedded_computer_system.debuginfo      ; --            ; --                        ; --             ;
; SLD_INFO                            ; QSYS_NAME embedded_computer_system HAS_SOPCINFO 1 GENERATION_ID 1640375867 ; --            ; embedded_computer_system  ; --             ;
; SOPCINFO_FILE                       ; embedded_computer_system/synthesis/../../embedded_computer_system.sopcinfo ; --            ; --                        ; --             ;
; SYNTHESIS_ONLY_QIP                  ; On                                                                         ; --            ; --                        ; --             ;
+-------------------------------------+----------------------------------------------------------------------------+---------------+---------------------------+----------------+


+--------------------------------------------------------------------------------------------------------------------------+
; Flow Elapsed Time                                                                                                        ;
+----------------------+--------------+-------------------------+---------------------+------------------------------------+
; Module Name          ; Elapsed Time ; Average Processors Used ; Peak Virtual Memory ; Total CPU Time (on all processors) ;
+----------------------+--------------+-------------------------+---------------------+------------------------------------+
; Analysis & Synthesis ; 00:02:09     ; 1.0                     ; 5205 MB             ; 00:02:47                           ;
; Fitter               ; 00:00:47     ; 1.2                     ; 5519 MB             ; 00:01:04                           ;
; Assembler            ; 00:00:06     ; 1.0                     ; 4719 MB             ; 00:00:05                           ;
; Timing Analyzer      ; 00:00:22     ; 1.5                     ; 4893 MB             ; 00:00:27                           ;
; EDA Netlist Writer   ; 00:00:06     ; 1.0                     ; 4766 MB             ; 00:00:05                           ;
; Total                ; 00:03:30     ; --                      ; --                  ; 00:04:28                           ;
+----------------------+--------------+-------------------------+---------------------+------------------------------------+


+------------------------------------------------------------------------------------+
; Flow OS Summary                                                                    ;
+----------------------+------------------+------------+------------+----------------+
; Module Name          ; Machine Hostname ; OS Name    ; OS Version ; Processor type ;
+----------------------+------------------+------------+------------+----------------+
; Analysis & Synthesis ; DESKTOP-V6AHLE5  ; Windows 10 ; 10.0       ; x86_64         ;
; Fitter               ; DESKTOP-V6AHLE5  ; Windows 10 ; 10.0       ; x86_64         ;
; Assembler            ; DESKTOP-V6AHLE5  ; Windows 10 ; 10.0       ; x86_64         ;
; Timing Analyzer      ; DESKTOP-V6AHLE5  ; Windows 10 ; 10.0       ; x86_64         ;
; EDA Netlist Writer   ; DESKTOP-V6AHLE5  ; Windows 10 ; 10.0       ; x86_64         ;
+----------------------+------------------+------------+------------+----------------+


------------
; Flow Log ;
------------
quartus_map --read_settings_files=on --write_settings_files=off CASE_4 -c CASE_4
quartus_fit --read_settings_files=off --write_settings_files=off CASE_4 -c CASE_4
quartus_asm --read_settings_files=off --write_settings_files=off CASE_4 -c CASE_4
quartus_sta CASE_4 -c CASE_4
quartus_eda --read_settings_files=off --write_settings_files=off CASE_4 -c CASE_4



